c:\users\rob42\desktop\dev4 project\dev4\directx 12\build\cmakefiles\generate.stamp
c:\users\rob42\desktop\dev4 project\dev4\directx 12\build\debug\closesthit.cso
c:\users\rob42\desktop\dev4 project\dev4\directx 12\build\debug\common.cso
c:\users\rob42\desktop\dev4 project\dev4\directx 12\build\debug\miss.cso
c:\users\rob42\desktop\dev4 project\dev4\directx 12\build\debug\pixelshader.cso
c:\users\rob42\desktop\dev4 project\dev4\directx 12\build\debug\raygen.cso
c:\users\rob42\desktop\dev4 project\dev4\directx 12\build\debug\vertexshader.cso
c:\users\rob42\desktop\dev4 project\dev4\directx 12\build\debug\assignment_2_d3d12.exe
c:\users\rob42\desktop\dev4 project\dev4\directx 12\build\assignment_2_d3d12.dir\debug\assignment_2_d3d12.ilk
c:\users\rob42\desktop\dev4 project\dev4\directx 12\build\debug\assignment_2_d3d12.pdb
c:\users\rob42\desktop\dev4 project\dev4\directx 12\build\assignment_2_d3d12.dir\debug\vc143.pdb
c:\users\rob42\desktop\dev4 project\dev4\directx 12\build\assignment_2_d3d12.dir\debug\assignme.3e98c836.tlog\cl.command.1.tlog
c:\users\rob42\desktop\dev4 project\dev4\directx 12\build\assignment_2_d3d12.dir\debug\assignme.3e98c836.tlog\custombuild.command.1.tlog
c:\users\rob42\desktop\dev4 project\dev4\directx 12\build\assignment_2_d3d12.dir\debug\assignme.3e98c836.tlog\custombuild.read.1.tlog
c:\users\rob42\desktop\dev4 project\dev4\directx 12\build\assignment_2_d3d12.dir\debug\assignme.3e98c836.tlog\custombuild.write.1.tlog
c:\users\rob42\desktop\dev4 project\dev4\directx 12\build\assignment_2_d3d12.dir\debug\assignme.3e98c836.tlog\dxc.command.1.tlog
c:\users\rob42\desktop\dev4 project\dev4\directx 12\build\assignment_2_d3d12.dir\debug\assignme.3e98c836.tlog\dxc.read.1.tlog
c:\users\rob42\desktop\dev4 project\dev4\directx 12\build\assignment_2_d3d12.dir\debug\assignme.3e98c836.tlog\dxc.write.1.tlog
c:\users\rob42\desktop\dev4 project\dev4\directx 12\build\assignment_2_d3d12.dir\debug\assignme.3e98c836.tlog\link.command.1.tlog
c:\users\rob42\desktop\dev4 project\dev4\directx 12\build\assignment_2_d3d12.dir\debug\assignme.3e98c836.tlog\link.read.1.tlog
c:\users\rob42\desktop\dev4 project\dev4\directx 12\build\assignment_2_d3d12.dir\debug\assignme.3e98c836.tlog\link.write.1.tlog
